<?xml version="1.0" encoding="UTF-8"?>
<!-- Generated by org.testng.reporters.JUnitXMLReporter -->
<testsuite ignored="0" hostname="DESKTOP-RSROOUO" failures="0" tests="2" name="Default test" time="16.766" errors="0" timestamp="2023-04-06T14:40:57 CEST">
  <testcase classname="testCases.ShoppingCartTests" name="addingToCartWithAllMandatoryFieldsFilledTest" time="4.255"/>
  <testcase classname="testCases.ShoppingCartTests" name="addingToCartWithoutAnyFieldsFilledTest" time="0.516"/>
</testsuite> <!-- Default test -->
