<?xml version="1.0" encoding="UTF-8"?>
<testng-results ignored="0" total="1" passed="1" failed="0" skipped="0">
  <reporter-output>
  </reporter-output>
  <suite started-at="2023-01-10T19:58:05 CET" name="Default suite" finished-at="2023-01-10T19:58:14 CET" duration-ms="8576">
    <groups>
    </groups>
    <test started-at="2023-01-10T19:58:05 CET" name="Default test" finished-at="2023-01-10T19:58:14 CET" duration-ms="8576">
      <class name="testCases.ProductReviewTC">
        <test-method is-config="true" signature="setUp()[pri:0, instance:testCases.ProductReviewTC@8462f31]" started-at="2023-01-10T19:58:05 CET" name="setUp" finished-at="2023-01-10T19:58:09 CET" duration-ms="4266" status="PASS">
          <reporter-output>
          </reporter-output>
        </test-method> <!-- setUp -->
        <test-method signature="productReview()[pri:0, instance:testCases.ProductReviewTC@8462f31]" started-at="2023-01-10T19:58:09 CET" name="productReview" finished-at="2023-01-10T19:58:13 CET" duration-ms="3594" status="PASS">
          <reporter-output>
          </reporter-output>
        </test-method> <!-- productReview -->
        <test-method is-config="true" signature="tearDown()[pri:0, instance:testCases.ProductReviewTC@8462f31]" started-at="2023-01-10T19:58:13 CET" name="tearDown" finished-at="2023-01-10T19:58:14 CET" duration-ms="670" status="PASS">
          <reporter-output>
          </reporter-output>
        </test-method> <!-- tearDown -->
      </class> <!-- testCases.ProductReviewTC -->
    </test> <!-- Default test -->
  </suite> <!-- Default suite -->
</testng-results>
